Seed: 321
Algorithm: Huang 1997
Initialization: random seeds.
Run for 100 initializations
Number of clusters to estimate: 4
Number of true clusters: 4
True cluster assignments:
 2 2 3 1 2 3 2 0 2 2 3 3 1 2 3 2 2 2 1 3 3 2 1 2 3 2 1 2 3 2 0 1 1 1 3 3 3 1 1 2 3 3 2 1 2 2 2 0 1 2 2 1 2 0 1 2 2 3 1 2 2 3 3 3 2 1 2 3 2 2 1 1 2 2 2 0 2 2 2 3 2 2 2 3 1 2 1 1 3 2 3 2 3 2 2 0 3 0 2 2
True cluster sizes:
  7 21 47 25
0 5 873 369 487 114 1843 inf 1.000000 -inf 1.000000 0.000000 0.005365
1 3 817 522 406 203 1948 1843 0.760578 1.000000 0.762263 0.358755 0.009316
2 3 522 444 664 324 1954 1843 0.689265 1.000000 0.717641 0.393536 0.013053
3 3 668 358 522 407 1955 1843 0.659934 1.000000 0.709135 0.399737 0.017261
4 4 873 487 369 114 1843 1843 1.000000 1.000000 1.000000 0.000000 0.022546
5 3 487 369 114 873 1843 1843 1.000000 1.000000 1.000000 0.000000 0.026070
6 3 487 369 114 873 1843 1843 1.000000 1.000000 1.000000 0.000000 0.029590
7 5 114 873 487 369 1843 1843 1.000000 1.000000 1.000000 0.000000 0.035908
8 3 446 1157 408 114 2125 1843 0.502464 1.000000 0.733902 0.417121 0.039494
9 3 487 369 873 114 1843 1843 1.000000 1.000000 1.000000 0.000000 0.043270
10 3 114 1129 415 477 2135 1843 0.500031 1.000000 0.705926 0.450543 0.047331
11 4 369 487 873 114 1843 1843 1.000000 1.000000 1.000000 0.000000 0.052567
12 3 444 522 803 191 1960 1843 0.767866 1.000000 0.759322 0.360372 0.056385
13 3 873 487 369 114 1843 1843 1.000000 1.000000 1.000000 0.000000 0.060155
14 3 193 802 522 444 1961 1843 0.784133 1.000000 0.769620 0.352079 0.064072
15 3 369 487 873 114 1843 1843 1.000000 1.000000 1.000000 0.000000 0.068924
16 2 487 114 369 873 1843 1843 1.000000 1.000000 1.000000 0.000000 0.071816
17 3 664 324 522 444 1954 1843 0.689265 1.000000 0.717641 0.393536 0.075248
18 2 873 114 487 369 1843 1843 1.000000 1.000000 1.000000 0.000000 0.078042
19 5 873 114 369 487 1843 1843 1.000000 1.000000 1.000000 0.000000 0.084840
20 3 764 369 522 308 1963 1843 0.650956 1.000000 0.750355 0.348584 0.088373
21 3 873 114 369 487 1843 1843 1.000000 1.000000 1.000000 0.000000 0.091915
22 6 873 114 369 487 1843 1843 1.000000 1.000000 1.000000 0.000000 0.099592
23 3 487 369 114 873 1843 1843 1.000000 1.000000 1.000000 0.000000 0.103467
24 2 1010 321 106 522 1959 1843 0.840924 1.000000 0.800152 0.313194 0.106039
25 2 271 444 237 1010 1962 1843 0.812658 1.000000 0.799710 0.332165 0.108620
26 6 369 873 114 487 1843 1843 1.000000 1.000000 1.000000 0.000000 0.115971
27 4 487 114 873 369 1843 1843 1.000000 1.000000 1.000000 0.000000 0.120765
28 3 369 873 114 487 1843 1843 1.000000 1.000000 1.000000 0.000000 0.124130
29 4 487 873 369 114 1843 1843 1.000000 1.000000 1.000000 0.000000 0.128474
30 4 873 369 114 487 1843 1843 1.000000 1.000000 1.000000 0.000000 0.134015
31 3 487 369 114 873 1843 1843 1.000000 1.000000 1.000000 0.000000 0.137674
32 3 873 487 369 114 1843 1843 1.000000 1.000000 1.000000 0.000000 0.141037
33 3 873 114 369 487 1843 1843 1.000000 1.000000 1.000000 0.000000 0.144914
34 4 82 1157 769 114 2122 1843 0.678185 1.000000 0.739075 0.346562 0.150485
35 3 369 114 487 873 1843 1843 1.000000 1.000000 1.000000 0.000000 0.154155
36 3 406 294 730 522 1952 1843 0.729201 1.000000 0.739780 0.371232 0.157834
37 3 612 385 444 522 1963 1843 0.641393 1.000000 0.716805 0.385062 0.161972
38 4 873 114 369 487 1843 1843 1.000000 1.000000 1.000000 0.000000 0.167551
39 2 487 873 369 114 1843 1843 1.000000 1.000000 1.000000 0.000000 0.170532
40 2 487 114 369 873 1843 1843 1.000000 1.000000 1.000000 0.000000 0.172985
41 3 944 522 94 407 1967 1843 0.766113 1.000000 0.801530 0.328456 0.177034
42 3 114 487 369 873 1843 1843 1.000000 1.000000 1.000000 0.000000 0.180930
43 3 522 444 664 324 1954 1843 0.689265 1.000000 0.717641 0.393536 0.184573
44 2 114 873 487 369 1843 1843 1.000000 1.000000 1.000000 0.000000 0.187033
45 1 487 114 873 369 1843 1843 1.000000 1.000000 1.000000 0.000000 0.188650
46 3 522 726 407 308 1963 1843 0.657538 1.000000 0.734325 0.372206 0.192325
47 3 522 444 428 565 1959 1843 0.661997 1.000000 0.707972 0.397209 0.196732
48 3 487 369 873 114 1843 1843 1.000000 1.000000 1.000000 0.000000 0.200329
49 3 369 487 873 114 1843 1843 1.000000 1.000000 1.000000 0.000000 0.204216
50 2 169 444 1010 346 1969 1843 0.816761 1.000000 0.797425 0.329590 0.206726
51 3 487 873 369 114 1843 1843 1.000000 1.000000 1.000000 0.000000 0.210898
52 3 522 598 427 407 1954 1843 0.640841 1.000000 0.706836 0.398608 0.214833
53 4 873 369 114 487 1843 1843 1.000000 1.000000 1.000000 0.000000 0.219347
54 4 873 114 369 487 1843 1843 1.000000 1.000000 1.000000 0.000000 0.223953
55 4 873 114 369 487 1843 1843 1.000000 1.000000 1.000000 0.000000 0.228362
56 5 114 369 487 873 1843 1843 1.000000 1.000000 1.000000 0.000000 0.234617
57 3 369 487 114 873 1843 1843 1.000000 1.000000 1.000000 0.000000 0.238453
58 5 873 369 487 114 1843 1843 1.000000 1.000000 1.000000 0.000000 0.244146
59 3 114 369 487 873 1843 1843 1.000000 1.000000 1.000000 0.000000 0.248160
60 4 114 487 369 873 1843 1843 1.000000 1.000000 1.000000 0.000000 0.252755
61 3 1157 736 114 119 2126 1843 0.643728 1.000000 0.739075 0.364378 0.256260
62 3 487 369 114 873 1843 1843 1.000000 1.000000 1.000000 0.000000 0.260310
63 3 487 873 369 114 1843 1843 1.000000 1.000000 1.000000 0.000000 0.264112
64 2 487 297 1010 169 1963 1843 0.846178 1.000000 0.810333 0.307333 0.266671
65 3 473 524 444 522 1963 1843 0.668411 1.000000 0.724936 0.372622 0.270052
66 3 873 487 114 369 1843 1843 1.000000 1.000000 1.000000 0.000000 0.273861
67 5 487 873 369 114 1843 1843 1.000000 1.000000 1.000000 0.000000 0.279894
68 5 406 522 769 257 1954 1843 0.806250 1.000000 0.784342 0.321810 0.285231
69 3 873 114 369 487 1843 1843 1.000000 1.000000 1.000000 0.000000 0.288669
70 3 369 114 873 487 1843 1843 1.000000 1.000000 1.000000 0.000000 0.292580
71 4 369 873 114 487 1843 1843 1.000000 1.000000 1.000000 0.000000 0.297712
72 5 487 369 873 114 1843 1843 1.000000 1.000000 1.000000 0.000000 0.303222
73 4 114 369 873 487 1843 1843 1.000000 1.000000 1.000000 0.000000 0.308137
74 3 487 114 873 369 1843 1843 1.000000 1.000000 1.000000 0.000000 0.311804
75 3 487 114 873 369 1843 1843 1.000000 1.000000 1.000000 0.000000 0.315220
76 5 487 873 369 114 1843 1843 1.000000 1.000000 1.000000 0.000000 0.320301
77 3 444 464 1010 42 1960 1843 0.851391 1.000000 0.794872 0.296900 0.323603
78 3 114 369 873 487 1843 1843 1.000000 1.000000 1.000000 0.000000 0.328243
79 3 369 873 487 114 1843 1843 1.000000 1.000000 1.000000 0.000000 0.331625
80 4 749 1157 114 107 2127 1843 0.660557 1.000000 0.739075 0.356036 0.335858
81 3 114 369 487 873 1843 1843 1.000000 1.000000 1.000000 0.000000 0.339434
82 3 369 487 873 114 1843 1843 1.000000 1.000000 1.000000 0.000000 0.343951
83 3 487 873 369 114 1843 1843 1.000000 1.000000 1.000000 0.000000 0.347831
84 4 487 873 114 369 1843 1843 1.000000 1.000000 1.000000 0.000000 0.352272
85 3 114 873 369 487 1843 1843 1.000000 1.000000 1.000000 0.000000 0.356524
86 3 369 114 873 487 1843 1843 1.000000 1.000000 1.000000 0.000000 0.361106
87 5 873 369 487 114 1843 1843 1.000000 1.000000 1.000000 0.000000 0.367470
88 5 487 873 369 114 1843 1843 1.000000 1.000000 1.000000 0.000000 0.373044
89 2 873 369 114 487 1843 1843 1.000000 1.000000 1.000000 0.000000 0.376152
90 2 114 487 369 873 1843 1843 1.000000 1.000000 1.000000 0.000000 0.378853
91 3 369 873 487 114 1843 1843 1.000000 1.000000 1.000000 0.000000 0.382411
92 2 94 1100 873 76 2143 1843 0.770690 1.000000 0.713331 0.354501 0.385238
93 4 114 446 408 1157 2125 1843 0.502464 1.000000 0.733902 0.417121 0.389529
94 3 369 487 873 114 1843 1843 1.000000 1.000000 1.000000 0.000000 0.393717
95 3 873 114 487 369 1843 1843 1.000000 1.000000 1.000000 0.000000 0.397090
96 3 369 114 487 873 1843 1843 1.000000 1.000000 1.000000 0.000000 0.400641
97 3 487 369 873 114 1843 1843 1.000000 1.000000 1.000000 0.000000 0.404280
98 2 487 369 873 114 1843 1843 1.000000 1.000000 1.000000 0.000000 0.407327
99 3 873 114 369 487 1843 1843 1.000000 1.000000 1.000000 0.000000 0.410691
Best optimized criterion: 1843
 873 369 487 114
Maximum AR: 1.000000
Best cluster sizes: 47 21 25 7
Best solution originating seeds: 52 58 63 24
Best solution cluster assignments:
 0 0 2 1 0 2 0 3 0 0 2 2 1 0 2 0 0 0 1 2 2 0 1 0 2 0 1 0 2 0 3 1 1 1 2 2 2 1 1 0 2 2 0 1 0 0 0 3 1 0 0 1 0 3 1 0 0 2 1 0 0 2 2 2 0 1 0 2 0 0 1 1 0 0 0 3 0 0 0 2 0 0 0 2 1 0 1 1 2 0 2 0 2 0 0 3 2 3 0 0

Best modes:
 1 0 3 2 0 3 1 1 3 1 1 2 1 2 0 1 1 2 0 2 1 0 3 3 2 2 0 2 0 2 0 3 1 2 1 3 3 0 3 1 0 0 0 0 0 3 3 3 1 3
 0 0 1 3 1 3 3 2 3 2 1 1 3 2 3 0 3 0 0 2 0 1 3 3 2 0 1 2 2 3 2 1 0 1 0 2 1 2 0 3 2 1 0 2 3 0 0 1 3 1
 1 3 1 1 0 0 0 2 3 3 0 0 0 3 3 2 3 1 0 3 3 2 3 2 0 2 2 1 2 2 2 3 0 1 0 1 1 1 0 0 1 3 1 3 2 3 0 1 2 0
 3 1 1 3 1 0 3 1 0 1 0 1 2 0 0 1 1 0 0 0 3 0 1 0 3 3 0 0 3 3 3 0 3 2 2 3 0 1 3 2 0 0 1 3 3 1 3 1 2 3
1843 3.290000 0.093054 1887.360000 8.116644 0.916890 0.014290 0.929269 0.011482 0.102328 0.016519 0.410692 100
