Seed: 321
Algorithm: Hartigan Wong 1979
Initialization: random seeds.
Run for 100 initializations
Number of clusters to estimate: 4
Number of true clusters: 4
True cluster assignments:
 2 2 3 1 2 3 2 0 2 2 3 3 1 2 3 2 2 2 1 3 3 2 1 2 3 2 1 2 3 2 0 1 1 1 3 3 3 1 1 2 3 3 2 1 2 2 2 0 1 2 2 1 2 0 1 2 2 3 1 2 2 3 3 3 2 1 2 3 2 2 1 1 2 2 2 0 2 2 2 3 2 2 2 3 1 2 1 1 3 2 3 2 3 2 2 0 3 0 2 2
True cluster sizes:
  7 21 47 25
0 2 873 369 487 114 1843 inf 1.000000 -inf 1.000000 0.000000 0.004067
1 2 873 487 369 114 1843 1843 1.000000 1.000000 1.000000 0.000000 0.008231
2 2 487 369 873 114 1843 1843 1.000000 1.000000 1.000000 0.000000 0.013351
3 2 873 114 487 369 1843 1843 1.000000 1.000000 1.000000 0.000000 0.017880
4 2 873 487 369 114 1843 1843 1.000000 1.000000 1.000000 0.000000 0.022726
5 1 487 369 114 873 1843 1843 1.000000 1.000000 1.000000 0.000000 0.025533
6 1 487 369 114 873 1843 1843 1.000000 1.000000 1.000000 0.000000 0.028919
7 1 321 675 522 444 1962 1843 0.672783 1.000000 0.715535 0.396389 0.031526
8 1 377 1157 480 114 2128 1843 0.508957 1.000000 0.736989 0.415175 0.034750
9 2 487 369 873 114 1843 1843 1.000000 1.000000 1.000000 0.000000 0.038644
10 1 114 1100 251 662 2127 1843 0.590368 1.000000 0.707938 0.435687 0.041774
11 2 369 487 873 114 1843 1843 1.000000 1.000000 1.000000 0.000000 0.046140
12 2 369 487 873 114 1843 1843 1.000000 1.000000 1.000000 0.000000 0.049991
13 1 873 487 369 114 1843 1843 1.000000 1.000000 1.000000 0.000000 0.052863
14 2 873 114 487 369 1843 1843 1.000000 1.000000 1.000000 0.000000 0.057357
15 2 369 487 873 114 1843 1843 1.000000 1.000000 1.000000 0.000000 0.061506
16 1 487 114 369 873 1843 1843 1.000000 1.000000 1.000000 0.000000 0.064928
17 2 873 114 487 369 1843 1843 1.000000 1.000000 1.000000 0.000000 0.068397
18 1 873 114 487 369 1843 1843 1.000000 1.000000 1.000000 0.000000 0.071009
19 2 873 114 369 487 1843 1843 1.000000 1.000000 1.000000 0.000000 0.076153
20 1 513 444 522 474 1953 1843 0.640162 1.000000 0.696553 0.410143 0.079088
21 1 873 114 487 369 1843 1843 1.000000 1.000000 1.000000 0.000000 0.081764
22 2 873 114 369 487 1843 1843 1.000000 1.000000 1.000000 0.000000 0.086156
23 2 487 369 114 873 1843 1843 1.000000 1.000000 1.000000 0.000000 0.091573
24 2 873 369 114 487 1843 1843 1.000000 1.000000 1.000000 0.000000 0.095028
25 2 487 369 114 873 1843 1843 1.000000 1.000000 1.000000 0.000000 0.099175
26 2 406 818 206 522 1952 1843 0.760578 1.000000 0.762263 0.358755 0.102846
27 2 722 114 128 1157 2121 1843 0.643728 1.000000 0.739075 0.364378 0.108711
28 1 369 873 114 487 1843 1843 1.000000 1.000000 1.000000 0.000000 0.111790
29 1 487 873 369 114 1843 1843 1.000000 1.000000 1.000000 0.000000 0.114512
30 2 873 369 114 487 1843 1843 1.000000 1.000000 1.000000 0.000000 0.118082
31 1 487 369 114 873 1843 1843 1.000000 1.000000 1.000000 0.000000 0.121064
32 1 873 487 369 114 1843 1843 1.000000 1.000000 1.000000 0.000000 0.123824
33 1 873 114 369 487 1843 1843 1.000000 1.000000 1.000000 0.000000 0.127313
34 2 177 1157 674 114 2122 1843 0.598318 1.000000 0.739075 0.384191 0.131753
35 1 369 114 487 873 1843 1843 1.000000 1.000000 1.000000 0.000000 0.134842
36 2 406 255 768 522 1951 1843 0.718376 1.000000 0.737707 0.377949 0.138477
37 1 612 385 444 522 1963 1843 0.641393 1.000000 0.716805 0.385062 0.142016
38 2 873 114 369 487 1843 1843 1.000000 1.000000 1.000000 0.000000 0.146973
39 2 487 873 369 114 1843 1843 1.000000 1.000000 1.000000 0.000000 0.150202
40 1 487 114 369 873 1843 1843 1.000000 1.000000 1.000000 0.000000 0.152801
41 2 873 487 114 369 1843 1843 1.000000 1.000000 1.000000 0.000000 0.157018
42 1 114 487 369 873 1843 1843 1.000000 1.000000 1.000000 0.000000 0.159989
43 2 487 369 873 114 1843 1843 1.000000 1.000000 1.000000 0.000000 0.164398
44 1 114 873 487 369 1843 1843 1.000000 1.000000 1.000000 0.000000 0.166763
45 0 487 114 873 369 1843 1843 1.000000 1.000000 1.000000 0.000000 0.168502
46 2 522 688 444 308 1962 1843 0.660179 1.000000 0.726952 0.380794 0.172159
47 1 522 444 428 565 1959 1843 0.661997 1.000000 0.707972 0.397209 0.175558
48 1 487 369 873 114 1843 1843 1.000000 1.000000 1.000000 0.000000 0.178855
49 1 369 487 873 114 1843 1843 1.000000 1.000000 1.000000 0.000000 0.181965
50 1 427 444 1010 78 1959 1843 0.836147 1.000000 0.795639 0.312910 0.184670
51 2 487 873 369 114 1843 1843 1.000000 1.000000 1.000000 0.000000 0.187795
52 2 444 605 382 522 1953 1843 0.663264 1.000000 0.706093 0.402640 0.191918
53 2 873 369 114 487 1843 1843 1.000000 1.000000 1.000000 0.000000 0.195436
54 1 873 114 369 487 1843 1843 1.000000 1.000000 1.000000 0.000000 0.198781
55 2 873 114 369 487 1843 1843 1.000000 1.000000 1.000000 0.000000 0.202617
56 2 114 369 487 873 1843 1843 1.000000 1.000000 1.000000 0.000000 0.206778
57 1 369 487 114 873 1843 1843 1.000000 1.000000 1.000000 0.000000 0.209933
58 2 605 444 522 382 1953 1843 0.663264 1.000000 0.706093 0.402640 0.215101
59 1 114 369 487 873 1843 1843 1.000000 1.000000 1.000000 0.000000 0.217847
60 1 114 487 369 873 1843 1843 1.000000 1.000000 1.000000 0.000000 0.221007
61 2 369 873 114 487 1843 1843 1.000000 1.000000 1.000000 0.000000 0.226401
62 2 487 369 114 873 1843 1843 1.000000 1.000000 1.000000 0.000000 0.230472
63 1 487 873 369 114 1843 1843 1.000000 1.000000 1.000000 0.000000 0.234494
64 2 487 369 873 114 1843 1843 1.000000 1.000000 1.000000 0.000000 0.238501
65 2 873 114 369 487 1843 1843 1.000000 1.000000 1.000000 0.000000 0.242850
66 2 114 487 873 369 1843 1843 1.000000 1.000000 1.000000 0.000000 0.247188
67 2 487 873 369 114 1843 1843 1.000000 1.000000 1.000000 0.000000 0.251924
68 2 369 487 873 114 1843 1843 1.000000 1.000000 1.000000 0.000000 0.256944
69 2 873 114 369 487 1843 1843 1.000000 1.000000 1.000000 0.000000 0.260096
70 2 369 114 873 487 1843 1843 1.000000 1.000000 1.000000 0.000000 0.263884
71 2 369 873 114 487 1843 1843 1.000000 1.000000 1.000000 0.000000 0.269441
72 2 487 369 873 114 1843 1843 1.000000 1.000000 1.000000 0.000000 0.274471
73 2 114 369 873 487 1843 1843 1.000000 1.000000 1.000000 0.000000 0.278893
74 1 487 114 873 369 1843 1843 1.000000 1.000000 1.000000 0.000000 0.281654
75 1 487 114 873 369 1843 1843 1.000000 1.000000 1.000000 0.000000 0.284398
76 2 487 873 369 114 1843 1843 1.000000 1.000000 1.000000 0.000000 0.289358
77 2 369 487 873 114 1843 1843 1.000000 1.000000 1.000000 0.000000 0.292852
78 1 114 369 873 487 1843 1843 1.000000 1.000000 1.000000 0.000000 0.296103
79 1 369 873 487 114 1843 1843 1.000000 1.000000 1.000000 0.000000 0.298582
80 2 873 369 114 487 1843 1843 1.000000 1.000000 1.000000 0.000000 0.303234
81 1 114 369 487 873 1843 1843 1.000000 1.000000 1.000000 0.000000 0.306853
82 1 369 487 873 114 1843 1843 1.000000 1.000000 1.000000 0.000000 0.310087
83 2 487 873 369 114 1843 1843 1.000000 1.000000 1.000000 0.000000 0.313839
84 2 487 873 114 369 1843 1843 1.000000 1.000000 1.000000 0.000000 0.317849
85 1 114 873 369 487 1843 1843 1.000000 1.000000 1.000000 0.000000 0.321193
86 2 369 114 873 487 1843 1843 1.000000 1.000000 1.000000 0.000000 0.325006
87 2 873 369 487 114 1843 1843 1.000000 1.000000 1.000000 0.000000 0.328716
88 2 487 873 369 114 1843 1843 1.000000 1.000000 1.000000 0.000000 0.332813
89 1 873 369 114 487 1843 1843 1.000000 1.000000 1.000000 0.000000 0.335421
90 1 114 487 369 873 1843 1843 1.000000 1.000000 1.000000 0.000000 0.338891
91 2 369 873 487 114 1843 1843 1.000000 1.000000 1.000000 0.000000 0.342226
92 1 114 487 873 369 1843 1843 1.000000 1.000000 1.000000 0.000000 0.344877
93 1 114 380 482 1157 2133 1843 0.508957 1.000000 0.736989 0.415175 0.347438
94 2 369 487 873 114 1843 1843 1.000000 1.000000 1.000000 0.000000 0.350876
95 1 873 114 487 369 1843 1843 1.000000 1.000000 1.000000 0.000000 0.353698
96 1 369 114 487 873 1843 1843 1.000000 1.000000 1.000000 0.000000 0.357038
97 1 487 369 873 114 1843 1843 1.000000 1.000000 1.000000 0.000000 0.359979
98 1 487 369 873 114 1843 1843 1.000000 1.000000 1.000000 0.000000 0.362447
99 1 873 114 369 487 1843 1843 1.000000 1.000000 1.000000 0.000000 0.365032
Best optimized criterion: 1843
 873 369 487 114
Maximum AR: 1.000000
Best cluster sizes: 47 21 25 7
Best solution originating seeds: 52 58 63 24
Best solution cluster assignments:
 0 0 2 1 0 2 0 3 0 0 2 2 1 0 2 0 0 0 1 2 2 0 1 0 2 0 1 0 2 0 3 1 1 1 2 2 2 1 1 0 2 2 0 1 0 0 0 3 1 0 0 1 0 3 1 0 0 2 1 0 0 2 2 2 0 1 0 2 0 0 1 1 0 0 0 3 0 0 0 2 0 0 0 2 1 0 1 1 2 0 2 0 2 0 0 3 2 3 0 0

Best modes:
 1 0 3 2 0 3 1 1 3 1 1 2 1 2 0 1 1 2 0 2 1 0 3 3 2 2 0 2 0 2 0 3 1 2 1 3 3 0 3 1 0 0 0 0 0 3 3 3 1 3
 0 0 1 3 1 3 3 2 3 2 1 1 3 2 3 0 3 0 0 2 0 1 3 3 2 0 1 2 2 3 2 1 0 1 0 2 1 2 0 3 2 1 0 2 3 0 0 1 3 1
 1 3 1 1 0 0 0 2 3 3 0 0 0 3 3 2 3 1 0 3 3 2 3 2 0 2 2 1 2 2 2 3 0 1 0 1 1 1 0 0 1 3 1 3 2 3 0 1 2 0
 3 1 1 3 1 0 3 1 0 1 0 1 2 0 0 1 1 0 0 0 3 0 1 0 3 3 0 0 3 3 3 0 3 2 2 3 0 1 3 2 0 0 1 3 3 1 3 1 2 3
1843 1.530000 0.051875 1868.530000 6.822074 0.947685 0.012844 0.959317 0.009732 0.058391 0.013943 0.365033 100
