Seed: 0
Algorithm: Huang 1997
Initialization: random seeds.
Run for 1 initializations
Number of clusters to estimate: 4
Number of true clusters: 4
True cluster assignments:
 2 2 3 1 2 3 2 0 2 2 3 3 1 2 3 2 2 2 1 3 3 2 1 2 3 2 1 2 3 2 0 1 1 1 3 3 3 1 1 2 3 3 2 1 2 2 2 0 1 2 2 1 2 0 1 2 2 3 1 2 2 3 3 3 2 1 2 3 2 2 1 1 2 2 2 0 2 2 2 3 2 2 2 3 1 2 1 1 3 2 3 2 3 2 2 0 3 0 2 2
True cluster sizes:
  7 21 47 25
0 1 114 369 873 487 1843 inf 1.000000 -inf 1.000000 0.000000 0.001889
Best optimized criterion: 1843
 114 369 873 487
Maximum AR: 1.000000
Best cluster sizes: 7 21 47 25
Best solution originating seeds: 28637424 0 0 0
Best solution cluster assignments:
 2 2 3 1 2 3 2 0 2 2 3 3 1 2 3 2 2 2 1 3 3 2 1 2 3 2 1 2 3 2 0 1 1 1 3 3 3 1 1 2 3 3 2 1 2 2 2 0 1 2 2 1 2 0 1 2 2 3 1 2 2 3 3 3 2 1 2 3 2 2 1 1 2 2 2 0 2 2 2 3 2 2 2 3 1 2 1 1 3 2 3 2 3 2 2 0 3 0 2 2

Best modes:
 3 1 1 3 1 0 3 1 0 1 0 1 2 0 0 1 1 0 0 0 3 0 1 0 3 3 0 0 3 3 3 0 3 2 2 3 0 1 3 2 0 0 1 3 3 1 3 1 2 3
 0 0 1 3 1 3 3 2 3 2 1 1 3 2 3 0 3 0 0 2 0 1 3 3 2 0 1 2 2 3 2 1 0 1 0 2 1 2 0 3 2 1 0 2 3 0 0 1 3 1
 1 0 3 2 0 3 1 1 3 1 1 2 1 2 0 1 1 2 0 2 1 0 3 3 2 2 0 2 0 2 0 3 1 2 1 3 3 0 3 1 0 0 0 0 0 3 3 3 1 3
 1 3 1 1 0 0 0 2 3 3 0 0 0 3 3 2 3 1 0 3 3 2 3 2 0 2 2 1 2 2 2 3 0 1 0 1 1 1 0 0 1 3 1 3 2 3 0 1 2 0
1843 1.000000 0.000000 1843.000000 0.000000 1.000000 0.000000 1.000000 0.000000 0.000000 0.000000 0.001895 1
