Seed: 29545
Algorithm: Hartigan Wong 1979
Initialization: random seeds.
Run for 1000 initializations
Number of clusters to estimate: 7
Initialization output file: ../demo/soybean-small.K7.nup.ini
Number of true clusters: 4
True cluster assignments:
 0 0 0 0 0 0 0 0 0 0 1 1 1 1 1 1 1 1 1 1 2 2 2 2 2 2 2 2 2 2 3 3 3 3 3 3 3 3 3 3 3 3 3 3 3 3 3
True cluster sizes:
 10 10 10 17
Best optimized criterion: 145
 35 38 23 15 12 13 9
Maximum AR: 0.917984
Best cluster sizes: 9 10 8 5 5 5 5
Best solution originating seeds: 40 8 34 25 17 16 21
Best solution cluster assignments:
 1 1 1 1 1 1 1 1 1 1 4 5 4 5 4 5 5 4 5 4 6 3 3 6 6 3 3 6 3 6 2 0 2 0 2 2 0 0 2 2 0 0 2 0 2 0 0

Best modes:
 0 1 2 1 1 1 1 0 0 0 0 1 0 0 0 0 0 0 0 0 1 2 0 1 0 0 0 1 0 0 0 0 0 0 1
 3 0 2 1 0 1 0 0 0 2 0 1 0 0 0 0 0 0 0 0 3 1 1 1 0 0 0 0 0 0 0 0 0 0 0
 1 1 2 0 0 3 1 1 1 2 0 1 0 0 0 0 0 0 0 0 2 2 0 0 0 0 0 1 0 0 0 0 0 0 1
 2 1 2 0 0 3 1 1 0 2 0 0 0 0 0 0 0 0 0 0 1 1 0 1 1 0 0 1 0 0 0 0 0 0 0
 5 0 0 2 1 0 2 0 0 2 0 1 0 0 0 0 0 0 0 0 0 3 0 0 0 1 1 0 0 0 0 0 0 0 0
 4 0 0 1 0 1 3 0 1 0 0 1 0 0 0 0 0 0 0 0 0 3 0 0 0 1 1 0 0 0 0 0 0 0 0
 0 1 2 0 0 0 1 0 1 1 0 0 0 0 0 0 0 0 0 0 1 1 0 1 0 0 0 1 0 0 0 0 0 0 0
145 1.353000 0.016137 156.506000 0.373802 0.664900 0.002376 0.711109 0.001212 0.304762 0.001822 0.559669 1000
