Seed: 13192
Algorithm: Hartigan Wong 1979 with mode updates
Initialization: random seeds.
Run for 1000 initializations
Number of clusters to estimate: 7
Initialization output file: ../demo/soybean-small.K7.ini
Number of true clusters: 4
True cluster assignments:
 0 0 0 0 0 0 0 0 0 0 1 1 1 1 1 1 1 1 1 1 2 2 2 2 2 2 2 2 2 2 3 3 3 3 3 3 3 3 3 3 3 3 3 3 3 3 3
True cluster sizes:
 10 10 10 17
Best optimized criterion: 145
 37 13 15 38 9 21 12
Maximum AR: 0.915313
Best cluster sizes: 10 5 5 10 5 7 5
Best solution originating seeds: 45 11 44 0 36 38 13
Best solution cluster assignments:
 3 3 3 3 3 3 3 3 3 3 6 1 6 1 6 1 1 6 1 6 4 2 2 4 4 2 2 4 2 4 0 5 0 5 0 0 5 5 0 0 5 5 0 0 0 0 5

Best modes:
 1 1 2 0 0 2 1 1 1 2 0 1 0 0 0 0 0 0 0 0 2 2 0 0 0 0 0 1 0 0 0 0 0 0 1
 4 0 0 1 0 1 3 0 1 0 0 1 0 0 0 0 0 0 0 0 0 3 0 0 0 1 1 0 0 0 0 0 0 0 0
 2 1 2 0 0 3 1 1 0 2 0 0 0 0 0 0 0 0 0 0 1 1 0 1 1 0 0 1 0 0 0 0 0 0 0
 3 0 2 1 0 1 0 0 0 2 0 1 0 0 0 0 0 0 0 0 3 1 1 1 0 0 0 0 0 0 0 0 0 0 0
 0 1 2 0 0 0 1 0 1 1 0 0 0 0 0 0 0 0 0 0 1 1 0 1 0 0 0 1 0 0 0 0 0 0 0
 0 1 2 1 0 1 1 0 0 0 0 1 0 0 0 0 0 0 0 0 1 2 0 0 0 0 0 1 0 0 0 0 0 0 1
 5 0 0 2 1 0 2 0 0 2 0 1 0 0 0 0 0 0 0 0 0 3 0 0 0 1 1 0 0 0 0 0 0 0 0
145 1.094000 0.010157 155.565000 0.323762 0.673473 0.002248 0.713530 0.001036 0.304076 0.001652 0.502376 1000
