Seed: 3914
Algorithm: Hartigan Wong 1979
Initialization: random seeds.
Run for 1000 initializations
Number of clusters to estimate: 8
Initialization output file: ../demo/soybean-small.K8.nup.ini
Number of true clusters: 4
True cluster assignments:
 0 0 0 0 0 0 0 0 0 0 1 1 1 1 1 1 1 1 1 1 2 2 2 2 2 2 2 2 2 2 3 3 3 3 3 3 3 3 3 3 3 3 3 3 3 3 3
True cluster sizes:
 10 10 10 17
Best optimized criterion: 132
 12 21 15 13 38 9 15 9
Maximum AR: 0.907258
Best cluster sizes: 5 6 6 5 10 5 5 5
Best solution originating seeds: 12 43 42 15 5 40 28 21
Best solution cluster assignments:
 4 4 4 4 4 4 4 4 4 4 0 3 0 3 0 3 3 0 3 0 7 6 6 7 7 6 6 7 6 7 1 5 2 1 2 1 5 5 2 2 5 1 2 1 2 1 5

Best modes:
 5 0 0 2 1 0 2 0 0 2 0 1 0 0 0 0 0 0 0 0 0 3 0 0 0 1 1 0 0 0 0 0 0 0 0
 1 1 2 1 1 2 1 1 1 1 0 1 0 0 0 0 0 0 0 0 2 2 0 1 0 0 0 1 0 0 0 0 0 0 1
 3 1 2 0 0 2 1 1 1 2 0 1 0 0 0 0 0 0 0 0 2 2 0 0 0 0 0 1 0 0 0 0 0 0 1
 4 0 0 1 0 1 3 0 1 0 0 1 0 0 0 0 0 0 0 0 0 3 0 0 0 1 1 0 0 0 0 0 0 0 0
 3 0 2 1 0 1 0 0 0 2 0 1 0 0 0 0 0 0 0 0 3 1 1 1 0 0 0 0 0 0 0 0 0 0 0
 0 1 2 1 0 1 1 0 0 0 0 1 0 0 0 0 0 0 0 0 1 2 0 0 0 0 0 1 0 0 0 0 0 0 1
 2 1 2 0 0 3 1 1 0 2 0 0 0 0 0 0 0 0 0 0 1 1 0 1 1 0 0 1 0 0 0 0 0 0 0
 0 1 2 0 0 0 1 0 1 1 0 0 0 0 0 0 0 0 0 0 1 1 0 1 0 0 0 1 0 0 0 0 0 0 0
132 1.354000 0.016754 144.795000 0.279930 0.614945 0.001933 0.675153 0.000856 0.334235 0.001159 0.624431 1000
