Seed: 9705
Algorithm: Hartigan Wong 1979 with mode updates
Initialization: random seeds.
Run for 1000 initializations
Number of clusters to estimate: 4
Initialization output file: ../demo/soybean-small.K4.ini
Number of true clusters: 4
True cluster assignments:
 0 0 0 0 0 0 0 0 0 0 1 1 1 1 1 1 1 1 1 1 2 2 2 2 2 2 2 2 2 2 3 3 3 3 3 3 3 3 3 3 3 3 3 3 3 3 3
True cluster sizes:
 10 10 10 17
Best optimized criterion: 199
 41 38 53 67
Maximum AR: 1.000000
Best cluster sizes: 10 10 12 15
Best solution originating seeds: 34 3 31 32
Best solution cluster assignments:
 1 1 1 1 1 1 1 1 1 1 0 0 0 0 0 0 0 0 0 0 2 2 2 2 2 2 2 2 2 2 3 3 3 2 3 3 3 3 3 3 2 3 3 3 3 3 3

Best modes:
 5 0 0 2 1 1 2 0 0 0 0 1 0 0 0 0 0 0 0 0 0 3 0 0 0 1 1 0 0 0 0 0 0 0 0
 3 0 2 1 0 1 0 0 0 2 0 1 0 0 0 0 0 0 0 0 3 1 1 1 0 0 0 0 0 0 0 0 0 0 0
 0 1 2 0 0 1 1 0 0 2 0 0 0 0 0 0 0 0 0 0 1 1 0 1 0 0 0 1 0 0 0 0 0 0 0
 1 1 2 1 0 3 1 1 1 0 0 1 0 0 0 0 0 0 0 0 2 2 0 0 0 0 0 1 0 0 0 0 0 0 1
199 1.148000 0.015940 208.119000 0.445090 0.801407 0.005514 0.857988 0.003853 0.202884 0.004897 0.376610 1000
