Seed: 321
Algorithm: Hartigan Wong 1979
Initialization: random seeds.
Run for 1000 initializations
Number of clusters to estimate: 6
Initialization output file: soybean-small.K6.ini
Number of true clusters: 4
True cluster assignments:
 0 0 0 0 0 0 0 0 0 0 1 1 1 1 1 1 1 1 1 1 2 2 2 2 2 2 2 2 2 2 3 3 3 3 3 3 3 3 3 3 3 3 3 3 3 3 3
True cluster sizes:
 10 10 10 17
Best optimized criterion: 160
 39 12 38 28 13 30
Maximum AR: 0.931238
Best cluster sizes: 10 5 10 9 5 8
Best solution originating seeds: 37 12 8 32 11 33
Best solution cluster assignments:
 2 2 2 2 2 2 2 2 2 2 1 4 1 4 1 4 4 1 4 1 0 0 0 0 0 0 0 0 0 0 3 5 3 5 3 3 5 3 3 3 5 5 3 5 3 5 5

Best modes:
 0 1 2 0 0 0 1 0 0 1 0 0 0 0 0 0 0 0 0 0 1 1 0 1 0 0 0 1 0 0 0 0 0 0 0
 5 0 0 2 1 0 2 0 0 2 0 1 0 0 0 0 0 0 0 0 0 3 0 0 0 1 1 0 0 0 0 0 0 0 0
 3 0 2 1 0 1 0 0 0 2 0 1 0 0 0 0 0 0 0 0 3 1 1 1 0 0 0 0 0 0 0 0 0 0 0
 1 1 2 0 0 3 1 1 1 2 0 1 0 0 0 0 0 0 0 0 2 2 0 0 0 0 0 1 0 0 0 0 0 0 1
 4 0 0 1 0 1 3 0 1 0 0 1 0 0 0 0 0 0 0 0 0 3 0 0 0 1 1 0 0 0 0 0 0 0 0
 0 1 2 1 1 1 1 0 0 0 0 1 0 0 0 0 0 0 0 0 1 2 0 1 0 0 0 1 0 0 0 0 0 0 1
160 1.400000 0.017720 169.991000 0.420403 0.721066 0.003245 0.756371 0.001788 0.268831 0.002720 1.256414 1000
